<?xml version="1.0" encoding="UTF-8"?>
<!-- Generated by org.testng.reporters.JUnitXMLReporter -->
<testsuite ignored="0" hostname="DESKTOP-K0AK88J" failures="0" tests="7" name="Default test" time="45.037" errors="0" timestamp="2021-03-14T19:30:17 IST">
  <testcase classname="MyRunner.DemoProgram" name="Login" time="8.099"/>
  <testcase classname="MyRunner.DemoProgram" name="Login" time="5.659"/>
  <testcase classname="MyRunner.DemoProgram" name="Login" time="5.57"/>
  <testcase classname="MyRunner.DemoProgram" name="Login" time="5.418"/>
  <testcase classname="MyRunner.DemoProgram" name="Login" time="6.531"/>
  <testcase classname="MyRunner.DemoProgram" name="Login" time="6.819"/>
  <testcase classname="MyRunner.DemoProgram" name="Login" time="6.661"/>
</testsuite> <!-- Default test -->
