<?xml version="1.0" encoding="UTF-8"?>
<testng-results skipped="0" failed="0" ignored="0" total="1" passed="1">
  <reporter-output>
  </reporter-output>
  <suite name="Command line suite" duration-ms="76601" started-at="2021-02-15T19:41:51Z" finished-at="2021-02-15T19:43:07Z">
    <groups>
    </groups>
    <test name="Command line test" duration-ms="76601" started-at="2021-02-15T19:41:51Z" finished-at="2021-02-15T19:43:07Z">
      <class name="DriverFactory.AppTest">
        <test-method status="PASS" signature="now()[pri:0, instance:DriverFactory.AppTest@548a9f61]" name="now" duration-ms="76097" started-at="2021-02-15T19:41:51Z" finished-at="2021-02-15T19:43:07Z">
          <reporter-output>
          </reporter-output>
        </test-method> <!-- now -->
      </class> <!-- DriverFactory.AppTest -->
    </test> <!-- Command line test -->
  </suite> <!-- Command line suite -->
</testng-results>
