<?xml version="1.0" encoding="UTF-8"?>
<testng-results skipped="0" failed="0" ignored="0" total="1" passed="1">
  <reporter-output>
  </reporter-output>
  <suite name="DriverFactory.AppTest" duration-ms="57880" started-at="2019-09-18T09:07:52Z" finished-at="2019-09-18T09:08:50Z">
    <groups>
    </groups>
    <test name="Command line test" duration-ms="57880" started-at="2019-09-18T09:07:52Z" finished-at="2019-09-18T09:08:50Z">
      <class name="DriverFactory.AppTest">
        <test-method status="PASS" signature="now()[pri:0, instance:DriverFactory.AppTest@5afa04c]" name="now" duration-ms="57823" started-at="2019-09-18T09:07:52Z" finished-at="2019-09-18T09:08:50Z">
          <reporter-output>
          </reporter-output>
        </test-method> <!-- now -->
      </class> <!-- DriverFactory.AppTest -->
    </test> <!-- Command line test -->
  </suite> <!-- DriverFactory.AppTest -->
</testng-results>
