<?xml version="1.0" encoding="UTF-8"?>
<testng-results ignored="0" total="7" passed="7" failed="0" skipped="0">
  <reporter-output>
  </reporter-output>
  <suite started-at="2021-03-14T19:29:31 IST" name="Default suite" finished-at="2021-03-14T19:30:16 IST" duration-ms="45037">
    <groups>
    </groups>
    <test started-at="2021-03-14T19:29:31 IST" name="Default test" finished-at="2021-03-14T19:30:16 IST" duration-ms="45037">
      <class name="MyRunner.DemoProgram">
        <test-method is-config="true" signature="launchBrowser()[pri:0, instance:MyRunner.DemoProgram@47c4ecdc]" started-at="2021-03-14T19:29:13 IST" name="launchBrowser" finished-at="2021-03-14T19:29:31 IST" duration-ms="18022" status="PASS">
          <reporter-output>
          </reporter-output>
        </test-method> <!-- launchBrowser -->
        <test-method signature="Login(java.lang.String, java.lang.String)[pri:0, instance:MyRunner.DemoProgram@47c4ecdc]" started-at="2021-03-14T19:29:32 IST" name="Login" data-provider="getDataSets" finished-at="2021-03-14T19:29:40 IST" duration-ms="8099" status="PASS">
          <params>
            <param index="0">
              <value>
                <![CDATA[UserName]]>
              </value>
            </param>
            <param index="1">
              <value>
                <![CDATA[Password]]>
              </value>
            </param>
          </params>
          <reporter-output>
          </reporter-output>
        </test-method> <!-- Login -->
        <test-method signature="Login(java.lang.String, java.lang.String)[pri:0, instance:MyRunner.DemoProgram@47c4ecdc]" started-at="2021-03-14T19:29:40 IST" name="Login" data-provider="getDataSets" finished-at="2021-03-14T19:29:45 IST" duration-ms="5659" status="PASS">
          <params>
            <param index="0">
              <value>
                <![CDATA[Admin1]]>
              </value>
            </param>
            <param index="1">
              <value>
                <![CDATA[Password1]]>
              </value>
            </param>
          </params>
          <reporter-output>
          </reporter-output>
        </test-method> <!-- Login -->
        <test-method signature="Login(java.lang.String, java.lang.String)[pri:0, instance:MyRunner.DemoProgram@47c4ecdc]" started-at="2021-03-14T19:29:45 IST" name="Login" data-provider="getDataSets" finished-at="2021-03-14T19:29:51 IST" duration-ms="5570" status="PASS">
          <params>
            <param index="0">
              <value>
                <![CDATA[Admin2]]>
              </value>
            </param>
            <param index="1">
              <value>
                <![CDATA[Password2]]>
              </value>
            </param>
          </params>
          <reporter-output>
          </reporter-output>
        </test-method> <!-- Login -->
        <test-method signature="Login(java.lang.String, java.lang.String)[pri:0, instance:MyRunner.DemoProgram@47c4ecdc]" started-at="2021-03-14T19:29:51 IST" name="Login" data-provider="getDataSets" finished-at="2021-03-14T19:29:56 IST" duration-ms="5418" status="PASS">
          <params>
            <param index="0">
              <value>
                <![CDATA[Admin3]]>
              </value>
            </param>
            <param index="1">
              <value>
                <![CDATA[Password3]]>
              </value>
            </param>
          </params>
          <reporter-output>
          </reporter-output>
        </test-method> <!-- Login -->
        <test-method signature="Login(java.lang.String, java.lang.String)[pri:0, instance:MyRunner.DemoProgram@47c4ecdc]" started-at="2021-03-14T19:29:56 IST" name="Login" data-provider="getDataSets" finished-at="2021-03-14T19:30:03 IST" duration-ms="6531" status="PASS">
          <params>
            <param index="0">
              <value>
                <![CDATA[Admin4]]>
              </value>
            </param>
            <param index="1">
              <value>
                <![CDATA[Password4]]>
              </value>
            </param>
          </params>
          <reporter-output>
          </reporter-output>
        </test-method> <!-- Login -->
        <test-method signature="Login(java.lang.String, java.lang.String)[pri:0, instance:MyRunner.DemoProgram@47c4ecdc]" started-at="2021-03-14T19:30:03 IST" name="Login" data-provider="getDataSets" finished-at="2021-03-14T19:30:10 IST" duration-ms="6819" status="PASS">
          <params>
            <param index="0">
              <value>
                <![CDATA[Admin5]]>
              </value>
            </param>
            <param index="1">
              <value>
                <![CDATA[Password5]]>
              </value>
            </param>
          </params>
          <reporter-output>
          </reporter-output>
        </test-method> <!-- Login -->
        <test-method signature="Login(java.lang.String, java.lang.String)[pri:0, instance:MyRunner.DemoProgram@47c4ecdc]" started-at="2021-03-14T19:30:10 IST" name="Login" data-provider="getDataSets" finished-at="2021-03-14T19:30:16 IST" duration-ms="6661" status="PASS">
          <params>
            <param index="0">
              <value>
                <![CDATA[Admin6]]>
              </value>
            </param>
            <param index="1">
              <value>
                <![CDATA[Password6]]>
              </value>
            </param>
          </params>
          <reporter-output>
          </reporter-output>
        </test-method> <!-- Login -->
        <test-method is-config="true" signature="closeBrowser()[pri:0, instance:MyRunner.DemoProgram@47c4ecdc]" started-at="2021-03-14T19:30:17 IST" name="closeBrowser" finished-at="2021-03-14T19:30:18 IST" duration-ms="1568" status="PASS">
          <reporter-output>
          </reporter-output>
        </test-method> <!-- closeBrowser -->
      </class> <!-- MyRunner.DemoProgram -->
    </test> <!-- Default test -->
  </suite> <!-- Default suite -->
</testng-results>
